2023-02-02 21:41:09 [INFO ] [Browser] - [startBrowser] Selected Browser is: chrome
2023-02-02 21:41:16 [INFO ] [Browser] - [startBrowser] Chrome Browser is Started551421413
2023-02-02 21:41:16 [INFO ] [Base] - [closeBrowser] Scenario Completed: Verify whether the user is able to register into the application by providing all the details
2023-02-02 21:41:16 [INFO ] [Base] - [closeBrowser] Scenario Status is: UNDEFINED
2023-02-02 21:43:58 [INFO ] [Browser] - [startBrowser] Selected Browser is: chrome
2023-02-02 21:44:01 [INFO ] [Browser] - [startBrowser] Chrome Browser is Started671981276
2023-02-02 21:44:01 [INFO ] [Base] - [closeBrowser] Scenario Completed: Verify whether the user is able to register into the application by providing all the details
2023-02-02 21:44:01 [INFO ] [Base] - [closeBrowser] Scenario Status is: UNDEFINED
2023-02-02 21:47:01 [INFO ] [Browser] - [startBrowser] Selected Browser is: chrome
2023-02-02 21:47:04 [INFO ] [Browser] - [startBrowser] Chrome Browser is Started277697988
2023-02-02 21:47:04 [INFO ] [Base] - [closeBrowser] Scenario Completed: Verify whether the user is able to register into the application by providing all the details
2023-02-02 21:47:04 [INFO ] [Base] - [closeBrowser] Scenario Status is: UNDEFINED
2023-02-02 21:52:41 [INFO ] [Browser] - [startBrowser] Selected Browser is: chrome
2023-02-02 21:52:44 [INFO ] [Browser] - [startBrowser] Chrome Browser is Started1833973673
2023-02-02 21:52:45 [INFO ] [Base] - [closeBrowser] Scenario Completed: Verify whether the user is able to register into the application by providing all the details
2023-02-02 21:52:45 [INFO ] [Base] - [closeBrowser] Scenario Status is: UNDEFINED
2023-02-02 21:54:13 [INFO ] [Browser] - [startBrowser] Selected Browser is: chrome
2023-02-02 21:54:17 [INFO ] [Browser] - [startBrowser] Chrome Browser is Started1833973673
2023-02-02 21:54:17 [INFO ] [Base] - [closeBrowser] Scenario Completed: Verify whether the user is able to register into the application by providing all the details
2023-02-02 21:54:17 [INFO ] [Base] - [closeBrowser] Scenario Status is: UNDEFINED
2023-02-03 01:59:18 [INFO ] [Hooks] - [setUp] Scenario Started: Verify whether the user is able to register into the application by providing all the details
2023-02-03 01:59:18 [INFO ] [Browser] - [startBrowser] Selected Browser is: chrome
2023-02-03 01:59:22 [INFO ] [Browser] - [startBrowser] Chrome Browser is Started1921143808
2023-02-03 01:59:27 [INFO ] [Hooks] - [closeBrowser] Scenario Completed: Verify whether the user is able to register into the application by providing all the details
2023-02-03 01:59:27 [INFO ] [Hooks] - [closeBrowser] Scenario Status is: PASSED
2023-02-03 02:00:01 [INFO ] [Hooks] - [setUp] Scenario Started: Verify whether the user is able to register into the application by providing all the details
2023-02-03 02:00:01 [INFO ] [Browser] - [startBrowser] Selected Browser is: hghgfjh
2023-02-03 02:00:08 [INFO ] [Browser] - [startBrowser] Firefox Browser is Started1973491942
2023-02-03 02:00:11 [INFO ] [Hooks] - [closeBrowser] Scenario Completed: Verify whether the user is able to register into the application by providing all the details
2023-02-03 02:00:11 [INFO ] [Hooks] - [closeBrowser] Scenario Status is: PASSED
2023-02-03 02:02:23 [INFO ] [Hooks] - [setUp] Scenario Started: Verify whether the user is able to register into the application by providing all the details
2023-02-03 02:02:23 [INFO ] [Browser] - [startBrowser] Selected Browser is: chrome
2023-02-03 02:02:26 [INFO ] [Browser] - [startBrowser] Chrome Browser is Started287859212
2023-02-03 02:02:32 [INFO ] [Hooks] - [closeBrowser] Scenario Completed: Verify whether the user is able to register into the application by providing all the details
2023-02-03 02:02:32 [INFO ] [Hooks] - [closeBrowser] Scenario Status is: PASSED
2023-02-03 02:03:06 [INFO ] [Hooks] - [setUp] Scenario Started: Verify whether the user is able to register into the application by providing all the details
2023-02-03 02:03:06 [INFO ] [Browser] - [startBrowser] Selected Browser is: chrome
2023-02-03 02:03:09 [INFO ] [Browser] - [startBrowser] Chrome Browser is Started287859212
2023-02-03 02:03:11 [INFO ] [Hooks] - [closeBrowser] Scenario Completed: Verify whether the user is able to register into the application by providing all the details
2023-02-03 02:03:11 [INFO ] [Hooks] - [closeBrowser] Scenario Status is: PASSED
2023-02-05 13:48:14 [INFO ] [Hooks] - [setUp] Scenario Started: Verify whether the user is able to register into the application by providing all the details
2023-02-05 13:48:14 [INFO ] [Browser] - [startBrowser] Selected Browser is: chrome
2023-02-05 13:48:19 [INFO ] [Browser] - [startBrowser] Chrome Browser is Started201069753
2023-02-05 13:48:22 [INFO ] [Hooks] - [closeBrowser] Scenario Completed: Verify whether the user is able to register into the application by providing all the details
2023-02-05 13:48:22 [INFO ] [Hooks] - [closeBrowser] Scenario Status is: PASSED
2023-02-05 13:48:51 [INFO ] [Hooks] - [setUp] Scenario Started: Verify whether the user is able to register into the application by providing all the details
2023-02-05 13:48:51 [INFO ] [Browser] - [startBrowser] Selected Browser is: chrome
2023-02-05 13:48:55 [INFO ] [Browser] - [startBrowser] Chrome Browser is Started103394766
2023-02-05 13:48:59 [INFO ] [Hooks] - [closeBrowser] Scenario Completed: Verify whether the user is able to register into the application by providing all the details
2023-02-05 13:48:59 [INFO ] [Hooks] - [closeBrowser] Scenario Status is: PASSED
2023-02-05 14:08:42 [INFO ] [Hooks] - [setUp] Scenario Started: Verify whether the user is able to register into the application by providing all the details
2023-02-05 14:08:42 [INFO ] [Browser] - [startBrowser] Selected Browser is: chrome
2023-02-05 14:08:45 [INFO ] [Browser] - [startBrowser] Chrome Browser is Started671981276
2023-02-05 14:08:49 [INFO ] [Hooks] - [closeBrowser] Scenario Completed: Verify whether the user is able to register into the application by providing all the details
2023-02-05 14:08:49 [INFO ] [Hooks] - [closeBrowser] Scenario Status is: PASSED
2023-02-05 14:37:55 [INFO ] [Hooks] - [setUp] Scenario Started: Verify whether the user is able to register into the application by providing all the details
2023-02-05 14:37:55 [INFO ] [Browser] - [startBrowser] Selected Browser is: chrome
2023-02-05 14:37:58 [INFO ] [Browser] - [startBrowser] Chrome Browser is Started818546553
2023-02-05 14:38:01 [INFO ] [Hooks] - [closeBrowser] Scenario Completed: Verify whether the user is able to register into the application by providing all the details
2023-02-05 14:38:01 [INFO ] [Hooks] - [closeBrowser] Scenario Status is: PASSED
2023-02-05 14:53:44 [INFO ] [Hooks] - [setUp] Scenario Started: Verify whether the user is able to register into the application by providing all the details
2023-02-05 14:53:44 [INFO ] [Browser] - [startBrowser] Selected Browser is: chrome
2023-02-05 14:53:48 [INFO ] [Browser] - [startBrowser] Chrome Browser is Started567954271
2023-02-05 14:53:51 [INFO ] [Hooks] - [closeBrowser] Scenario Completed: Verify whether the user is able to register into the application by providing all the details
2023-02-05 14:53:51 [INFO ] [Hooks] - [closeBrowser] Scenario Status is: PASSED
2023-02-05 14:55:06 [INFO ] [Hooks] - [setUp] Scenario Started: Verify whether the user is able to register into the application by providing all the details
2023-02-05 14:55:06 [INFO ] [Browser] - [startBrowser] Selected Browser is: chrome
2023-02-05 14:55:09 [INFO ] [Browser] - [startBrowser] Chrome Browser is Started1869652507
2023-02-05 14:55:13 [INFO ] [Hooks] - [closeBrowser] Scenario Completed: Verify whether the user is able to register into the application by providing all the details
2023-02-05 14:55:13 [INFO ] [Hooks] - [closeBrowser] Scenario Status is: PASSED
2023-02-05 14:56:40 [INFO ] [Hooks] - [setUp] Scenario Started: Verify whether the user is able to register into the application by providing all the details
2023-02-05 14:56:40 [INFO ] [Browser] - [startBrowser] Selected Browser is: chrome
2023-02-05 14:56:43 [INFO ] [Browser] - [startBrowser] Chrome Browser is Started780570776
2023-02-05 14:56:45 [INFO ] [Hooks] - [closeBrowser] Scenario Completed: Verify whether the user is able to register into the application by providing all the details
2023-02-05 14:56:45 [INFO ] [Hooks] - [closeBrowser] Scenario Status is: PASSED
2023-02-05 15:02:34 [INFO ] [Hooks] - [setUp] Scenario Started: Verify whether the user is able to register into the application by providing all the details
2023-02-05 15:02:34 [INFO ] [Browser] - [startBrowser] Selected Browser is: chrome
2023-02-05 15:02:37 [INFO ] [Browser] - [startBrowser] Chrome Browser is Started1869652507
2023-02-05 15:02:40 [INFO ] [Hooks] - [closeBrowser] Scenario Completed: Verify whether the user is able to register into the application by providing all the details
2023-02-05 15:02:40 [INFO ] [Hooks] - [closeBrowser] Scenario Status is: PASSED
2023-02-05 15:05:00 [INFO ] [Hooks] - [setUp] Scenario Started: Verify whether the user is able to register into the application by providing all the details
2023-02-05 15:05:00 [INFO ] [Browser] - [startBrowser] Selected Browser is: chrome
2023-02-05 15:05:03 [INFO ] [Browser] - [startBrowser] Chrome Browser is Started780570776
2023-02-05 15:05:06 [INFO ] [Hooks] - [closeBrowser] Scenario Completed: Verify whether the user is able to register into the application by providing all the details
2023-02-05 15:05:06 [INFO ] [Hooks] - [closeBrowser] Scenario Status is: PASSED
2023-02-05 15:06:15 [INFO ] [Hooks] - [setUp] Scenario Started: Verify whether the user is able to register into the application by providing all the details
2023-02-05 15:06:15 [INFO ] [Browser] - [startBrowser] Selected Browser is: chrome
2023-02-05 15:06:18 [INFO ] [Browser] - [startBrowser] Chrome Browser is Started1258527853
2023-02-05 15:06:21 [INFO ] [Hooks] - [closeBrowser] Scenario Completed: Verify whether the user is able to register into the application by providing all the details
2023-02-05 15:06:21 [INFO ] [Hooks] - [closeBrowser] Scenario Status is: PASSED
2023-02-05 15:42:55 [INFO ] [Hooks] - [setUp] Scenario Started: Verify whether the user is able to register into the application by providing all the details
2023-02-05 15:42:55 [INFO ] [Browser] - [startBrowser] Selected Browser is: chrome
2023-02-05 15:42:59 [INFO ] [Browser] - [startBrowser] Chrome Browser is Started1412612727
2023-02-05 15:43:02 [INFO ] [Hooks] - [closeBrowser] Scenario Completed: Verify whether the user is able to register into the application by providing all the details
2023-02-05 15:43:02 [INFO ] [Hooks] - [closeBrowser] Scenario Status is: PASSED
2023-02-05 15:43:14 [INFO ] [Hooks] - [setUp] Scenario Started: Verify whether the user is able to register into the application by providing all the details
2023-02-05 15:43:14 [INFO ] [Browser] - [startBrowser] Selected Browser is: chrome
2023-02-05 15:43:17 [INFO ] [Browser] - [startBrowser] Chrome Browser is Started485542604
2023-02-05 15:43:22 [INFO ] [Hooks] - [closeBrowser] Scenario Completed: Verify whether the user is able to register into the application by providing all the details
2023-02-05 15:43:22 [INFO ] [Hooks] - [closeBrowser] Scenario Status is: PASSED
2023-02-05 18:31:09 [INFO ] [Hooks] - [setUp] Scenario Started: Verify whether the user is able to register into the application by providing all the details
2023-02-05 18:31:09 [INFO ] [Browser] - [startBrowser] Selected Browser is: chrome
2023-02-05 18:31:12 [INFO ] [Browser] - [startBrowser] Chrome Browser is Started1744032146
2023-02-05 18:31:17 [INFO ] [Hooks] - [closeBrowser] Scenario Completed: Verify whether the user is able to register into the application by providing all the details
2023-02-05 18:31:17 [INFO ] [Hooks] - [closeBrowser] Scenario Status is: UNDEFINED
2023-02-05 18:43:00 [INFO ] [Hooks] - [setUp] Scenario Started: Verify whether the user is able to register into the application by providing all the details
2023-02-05 18:43:00 [INFO ] [Browser] - [startBrowser] Selected Browser is: chrome
2023-02-05 18:43:02 [INFO ] [Browser] - [startBrowser] Chrome Browser is Started1350395050
2023-02-05 18:43:08 [INFO ] [Hooks] - [closeBrowser] Scenario Completed: Verify whether the user is able to register into the application by providing all the details
2023-02-05 18:43:08 [INFO ] [Hooks] - [closeBrowser] Scenario Status is: PASSED
2023-02-05 18:43:30 [INFO ] [Hooks] - [setUp] Scenario Started: Verify whether the user is able to register into the application by providing all the details
2023-02-05 18:43:30 [INFO ] [Browser] - [startBrowser] Selected Browser is: chrome
2023-02-05 18:43:32 [INFO ] [Browser] - [startBrowser] Chrome Browser is Started1350395050
2023-02-05 18:43:39 [INFO ] [Hooks] - [closeBrowser] Scenario Completed: Verify whether the user is able to register into the application by providing all the details
2023-02-05 18:43:39 [INFO ] [Hooks] - [closeBrowser] Scenario Status is: FAILED
2023-02-05 18:45:42 [INFO ] [Hooks] - [setUp] Scenario Started: Verify whether the user is able to register into the application by providing all the details
2023-02-05 18:45:42 [INFO ] [Browser] - [startBrowser] Selected Browser is: chrome
2023-02-05 18:45:44 [INFO ] [Browser] - [startBrowser] Chrome Browser is Started1350395050
2023-02-05 18:45:49 [INFO ] [Hooks] - [closeBrowser] Scenario Completed: Verify whether the user is able to register into the application by providing all the details
2023-02-05 18:45:49 [INFO ] [Hooks] - [closeBrowser] Scenario Status is: PASSED
2023-02-06 12:56:30 [INFO ] [Hooks] - [setUp] Scenario Started: Verify whether the user is not allowed to register on skipping the mandatory fields
2023-02-06 12:56:30 [INFO ] [Browser] - [startBrowser] Selected Browser is: chrome
2023-02-06 12:56:36 [INFO ] [Browser] - [startBrowser] Chrome Browser is Started1110618954
2023-02-06 12:56:43 [INFO ] [Hooks] - [closeBrowser] Scenario Completed: Verify whether the user is not allowed to register on skipping the mandatory fields
2023-02-06 12:56:43 [INFO ] [Hooks] - [closeBrowser] Scenario Status is: UNDEFINED
2023-02-06 13:08:32 [INFO ] [Hooks] - [setUp] Scenario Started: Verify whether the user is not allowed to register on skipping the mandatory fields
2023-02-06 13:08:32 [INFO ] [Browser] - [startBrowser] Selected Browser is: chrome
2023-02-06 13:08:36 [INFO ] [Browser] - [startBrowser] Chrome Browser is Started1171672359
2023-02-06 13:08:42 [INFO ] [Hooks] - [closeBrowser] Scenario Completed: Verify whether the user is not allowed to register on skipping the mandatory fields
2023-02-06 13:08:42 [INFO ] [Hooks] - [closeBrowser] Scenario Status is: UNDEFINED
2023-02-06 13:09:26 [INFO ] [Hooks] - [setUp] Scenario Started: Verify whether the user is not allowed to register on skipping the mandatory fields
2023-02-06 13:09:26 [INFO ] [Browser] - [startBrowser] Selected Browser is: chrome
2023-02-06 13:09:29 [INFO ] [Browser] - [startBrowser] Chrome Browser is Started889074285
2023-02-06 13:09:34 [INFO ] [Hooks] - [closeBrowser] Scenario Completed: Verify whether the user is not allowed to register on skipping the mandatory fields
2023-02-06 13:09:34 [INFO ] [Hooks] - [closeBrowser] Scenario Status is: UNDEFINED
2023-02-06 13:10:04 [INFO ] [Hooks] - [setUp] Scenario Started: Verify whether the user is not allowed to register on skipping the mandatory fields
2023-02-06 13:10:04 [INFO ] [Browser] - [startBrowser] Selected Browser is: chrome
2023-02-06 13:10:07 [INFO ] [Browser] - [startBrowser] Chrome Browser is Started215638041
2023-02-06 13:10:13 [INFO ] [Hooks] - [closeBrowser] Scenario Completed: Verify whether the user is not allowed to register on skipping the mandatory fields
2023-02-06 13:10:13 [INFO ] [Hooks] - [closeBrowser] Scenario Status is: PASSED
2023-02-06 13:11:04 [INFO ] [Hooks] - [setUp] Scenario Started: Verify whether the user is not allowed to register on skipping the mandatory fields
2023-02-06 13:11:04 [INFO ] [Browser] - [startBrowser] Selected Browser is: chrome
2023-02-06 13:11:07 [INFO ] [Browser] - [startBrowser] Chrome Browser is Started1882395698
2023-02-06 13:11:14 [INFO ] [Hooks] - [closeBrowser] Scenario Completed: Verify whether the user is not allowed to register on skipping the mandatory fields
2023-02-06 13:11:14 [INFO ] [Hooks] - [closeBrowser] Scenario Status is: PASSED
2023-02-06 13:11:32 [INFO ] [Hooks] - [setUp] Scenario Started: Verify whether the user is not allowed to register on skipping the mandatory fields
2023-02-06 13:11:32 [INFO ] [Browser] - [startBrowser] Selected Browser is: chrome
2023-02-06 13:11:35 [INFO ] [Browser] - [startBrowser] Chrome Browser is Started1882395698
2023-02-06 13:11:40 [INFO ] [Hooks] - [closeBrowser] Scenario Completed: Verify whether the user is not allowed to register on skipping the mandatory fields
2023-02-06 13:11:40 [INFO ] [Hooks] - [closeBrowser] Scenario Status is: PASSED
2023-02-06 13:15:51 [INFO ] [Hooks] - [setUp] Scenario Started: Verify whether the user is not allowed to register into the application by subsribing to Newsletter
2023-02-06 13:15:51 [INFO ] [Browser] - [startBrowser] Selected Browser is: chrome
2023-02-06 13:15:54 [INFO ] [Browser] - [startBrowser] Chrome Browser is Started650679651
2023-02-06 13:16:00 [INFO ] [Hooks] - [closeBrowser] Scenario Completed: Verify whether the user is not allowed to register into the application by subsribing to Newsletter
2023-02-06 13:16:00 [INFO ] [Hooks] - [closeBrowser] Scenario Status is: UNDEFINED
2023-02-06 13:19:05 [INFO ] [Hooks] - [setUp] Scenario Started: Verify whether the user is not allowed to register into the application by subsribing to Newsletter
2023-02-06 13:19:05 [INFO ] [Browser] - [startBrowser] Selected Browser is: chrome
2023-02-06 13:19:08 [INFO ] [Browser] - [startBrowser] Chrome Browser is Started371932487
2023-02-06 13:19:14 [INFO ] [Hooks] - [closeBrowser] Scenario Completed: Verify whether the user is not allowed to register into the application by subsribing to Newsletter
2023-02-06 13:19:14 [INFO ] [Hooks] - [closeBrowser] Scenario Status is: UNDEFINED
2023-02-06 13:19:27 [INFO ] [Hooks] - [setUp] Scenario Started: Verify whether the user is not allowed to register into the application by subsribing to Newsletter
2023-02-06 13:19:27 [INFO ] [Browser] - [startBrowser] Selected Browser is: chrome
2023-02-06 13:19:30 [INFO ] [Browser] - [startBrowser] Chrome Browser is Started133544411
2023-02-06 13:19:37 [INFO ] [Hooks] - [closeBrowser] Scenario Completed: Verify whether the user is not allowed to register into the application by subsribing to Newsletter
2023-02-06 13:19:37 [INFO ] [Hooks] - [closeBrowser] Scenario Status is: PASSED
2023-02-06 13:19:53 [INFO ] [Hooks] - [setUp] Scenario Started: Verify whether the user is not allowed to register into the application by subsribing to Newsletter
2023-02-06 13:19:53 [INFO ] [Browser] - [startBrowser] Selected Browser is: chrome
2023-02-06 13:19:56 [INFO ] [Browser] - [startBrowser] Chrome Browser is Started854640632
2023-02-06 13:20:03 [INFO ] [Hooks] - [closeBrowser] Scenario Completed: Verify whether the user is not allowed to register into the application by subsribing to Newsletter
2023-02-06 13:20:03 [INFO ] [Hooks] - [closeBrowser] Scenario Status is: PASSED
2023-02-06 13:24:01 [INFO ] [Hooks] - [setUp] Scenario Started: Verify whether the user is restricted from creating a duplicate account
2023-02-06 13:24:01 [INFO ] [Browser] - [startBrowser] Selected Browser is: chrome
2023-02-06 13:24:04 [INFO ] [Browser] - [startBrowser] Chrome Browser is Started534553956
2023-02-06 13:24:09 [INFO ] [Hooks] - [closeBrowser] Scenario Completed: Verify whether the user is restricted from creating a duplicate account
2023-02-06 13:24:09 [INFO ] [Hooks] - [closeBrowser] Scenario Status is: UNDEFINED
2023-02-06 13:33:34 [INFO ] [Hooks] - [setUp] Scenario Started: Verify whether the user is restricted from creating a duplicate account
2023-02-06 13:33:34 [INFO ] [Browser] - [startBrowser] Selected Browser is: chrome
2023-02-06 13:33:37 [INFO ] [Browser] - [startBrowser] Chrome Browser is Started1350395050
2023-02-06 13:33:44 [INFO ] [Hooks] - [closeBrowser] Scenario Completed: Verify whether the user is restricted from creating a duplicate account
2023-02-06 13:33:44 [INFO ] [Hooks] - [closeBrowser] Scenario Status is: FAILED
2023-02-06 13:36:25 [INFO ] [Hooks] - [setUp] Scenario Started: Verify whether the user is restricted from creating a duplicate account
2023-02-06 13:36:25 [INFO ] [Browser] - [startBrowser] Selected Browser is: chrome
2023-02-06 13:36:28 [INFO ] [Browser] - [startBrowser] Chrome Browser is Started133544411
2023-02-06 13:36:35 [INFO ] [Hooks] - [closeBrowser] Scenario Completed: Verify whether the user is restricted from creating a duplicate account
2023-02-06 13:36:35 [INFO ] [Hooks] - [closeBrowser] Scenario Status is: FAILED
2023-02-06 13:37:51 [INFO ] [Hooks] - [setUp] Scenario Started: Verify whether the user is restricted from creating a duplicate account
2023-02-06 13:37:51 [INFO ] [Browser] - [startBrowser] Selected Browser is: chrome
2023-02-06 13:37:54 [INFO ] [Browser] - [startBrowser] Chrome Browser is Started135002781
2023-02-06 13:38:02 [INFO ] [Hooks] - [closeBrowser] Scenario Completed: Verify whether the user is restricted from creating a duplicate account
2023-02-06 13:38:02 [INFO ] [Hooks] - [closeBrowser] Scenario Status is: PASSED
2023-02-06 13:38:13 [INFO ] [Hooks] - [setUp] Scenario Started: Verify whether the user is restricted from creating a duplicate account
2023-02-06 13:38:13 [INFO ] [Browser] - [startBrowser] Selected Browser is: chrome
2023-02-06 13:38:17 [INFO ] [Browser] - [startBrowser] Chrome Browser is Started1412612727
2023-02-06 13:38:24 [INFO ] [Hooks] - [closeBrowser] Scenario Completed: Verify whether the user is restricted from creating a duplicate account
2023-02-06 13:38:24 [INFO ] [Hooks] - [closeBrowser] Scenario Status is: PASSED
2023-02-06 13:39:55 [INFO ] [Hooks] - [setUp] Scenario Started: Verify whether the user is able to register into the application by providing all the details
2023-02-06 13:39:56 [INFO ] [Browser] - [startBrowser] Selected Browser is: chrome
2023-02-06 13:39:59 [INFO ] [Browser] - [startBrowser] Chrome Browser is Started135002781
2023-02-06 13:40:06 [INFO ] [Hooks] - [closeBrowser] Scenario Completed: Verify whether the user is able to register into the application by providing all the details
2023-02-06 13:40:06 [INFO ] [Hooks] - [closeBrowser] Scenario Status is: PASSED
2023-02-06 13:40:20 [INFO ] [Hooks] - [setUp] Scenario Started: Verify whether the user is not allowed to register on skipping the mandatory fields
2023-02-06 13:40:20 [INFO ] [Browser] - [startBrowser] Selected Browser is: chrome
2023-02-06 13:40:23 [INFO ] [Browser] - [startBrowser] Chrome Browser is Started1074976188
2023-02-06 13:40:29 [INFO ] [Hooks] - [closeBrowser] Scenario Completed: Verify whether the user is not allowed to register on skipping the mandatory fields
2023-02-06 13:40:29 [INFO ] [Hooks] - [closeBrowser] Scenario Status is: PASSED
2023-02-06 13:40:43 [INFO ] [Hooks] - [setUp] Scenario Started: Verify whether the user is not allowed to register into the application by subsribing to Newsletter
2023-02-06 13:40:43 [INFO ] [Browser] - [startBrowser] Selected Browser is: chrome
2023-02-06 13:40:46 [INFO ] [Browser] - [startBrowser] Chrome Browser is Started1258527853
2023-02-06 13:40:53 [INFO ] [Hooks] - [closeBrowser] Scenario Completed: Verify whether the user is not allowed to register into the application by subsribing to Newsletter
2023-02-06 13:40:53 [INFO ] [Hooks] - [closeBrowser] Scenario Status is: PASSED
2023-02-06 13:41:07 [INFO ] [Hooks] - [setUp] Scenario Started: Verify whether the user is restricted from creating a duplicate account
2023-02-06 13:41:07 [INFO ] [Browser] - [startBrowser] Selected Browser is: chrome
2023-02-06 13:41:10 [INFO ] [Browser] - [startBrowser] Chrome Browser is Started1350395050
2023-02-06 13:41:18 [INFO ] [Hooks] - [closeBrowser] Scenario Completed: Verify whether the user is restricted from creating a duplicate account
2023-02-06 13:41:18 [INFO ] [Hooks] - [closeBrowser] Scenario Status is: PASSED
2023-02-06 13:41:32 [INFO ] [Hooks] - [setUp] Scenario Started: Verify whether the user is able to register into the application by providing all the details
2023-02-06 13:41:32 [INFO ] [Browser] - [startBrowser] Selected Browser is: chrome
2023-02-06 13:41:35 [INFO ] [Browser] - [startBrowser] Chrome Browser is Started504006221
2023-02-06 13:41:43 [INFO ] [Hooks] - [closeBrowser] Scenario Completed: Verify whether the user is able to register into the application by providing all the details
2023-02-06 13:41:43 [INFO ] [Hooks] - [closeBrowser] Scenario Status is: PASSED
2023-02-06 13:41:43 [INFO ] [Hooks] - [setUp] Scenario Started: Verify whether the user is not allowed to register on skipping the mandatory fields
2023-02-06 13:41:43 [INFO ] [Browser] - [startBrowser] Selected Browser is: chrome
2023-02-06 13:41:44 [INFO ] [Browser] - [startBrowser] Chrome Browser is Started438092131
2023-02-06 13:41:49 [INFO ] [Hooks] - [closeBrowser] Scenario Completed: Verify whether the user is not allowed to register on skipping the mandatory fields
2023-02-06 13:41:49 [INFO ] [Hooks] - [closeBrowser] Scenario Status is: PASSED
2023-02-06 13:41:50 [INFO ] [Hooks] - [setUp] Scenario Started: Verify whether the user is not allowed to register into the application by subsribing to Newsletter
2023-02-06 13:41:50 [INFO ] [Browser] - [startBrowser] Selected Browser is: chrome
2023-02-06 13:41:51 [INFO ] [Browser] - [startBrowser] Chrome Browser is Started1070057268
2023-02-06 13:41:58 [INFO ] [Hooks] - [closeBrowser] Scenario Completed: Verify whether the user is not allowed to register into the application by subsribing to Newsletter
2023-02-06 13:41:58 [INFO ] [Hooks] - [closeBrowser] Scenario Status is: PASSED
2023-02-06 13:41:58 [INFO ] [Hooks] - [setUp] Scenario Started: Verify whether the user is restricted from creating a duplicate account
2023-02-06 13:41:58 [INFO ] [Browser] - [startBrowser] Selected Browser is: chrome
2023-02-06 13:41:59 [INFO ] [Browser] - [startBrowser] Chrome Browser is Started1495382332
2023-02-06 13:42:06 [INFO ] [Hooks] - [closeBrowser] Scenario Completed: Verify whether the user is restricted from creating a duplicate account
2023-02-06 13:42:06 [INFO ] [Hooks] - [closeBrowser] Scenario Status is: PASSED
2023-02-07 13:31:36 [INFO ] [Hooks] - [setUp] Scenario Started: Verify whether the user is restricted from creating a duplicate account
2023-02-07 13:31:36 [INFO ] [Browser] - [startBrowser] Selected Browser is: chrome
2023-02-07 13:31:42 [INFO ] [Browser] - [startBrowser] Chrome Browser is Started1041219253
2023-02-07 13:31:49 [INFO ] [Hooks] - [closeBrowser] Scenario Completed: Verify whether the user is restricted from creating a duplicate account
2023-02-07 13:31:49 [INFO ] [Hooks] - [closeBrowser] Scenario Status is: PASSED
2023-02-07 19:12:17 [INFO ] [Hooks] - [setUp] Scenario Started: Verify whether the User is able to login with valid credentials
2023-02-07 19:12:17 [INFO ] [Browser] - [startBrowser] Selected Browser is: chrome
2023-02-07 19:12:22 [INFO ] [Browser] - [startBrowser] Chrome Browser is Started1334675172
2023-02-07 19:12:33 [INFO ] [Hooks] - [closeBrowser] Scenario Completed: Verify whether the User is able to login with valid credentials
2023-02-07 19:12:33 [INFO ] [Hooks] - [closeBrowser] Scenario Status is: UNDEFINED
2023-02-07 19:28:08 [INFO ] [Hooks] - [setUp] Scenario Started: Verify whether the User is able to login with valid credentials
2023-02-07 19:28:08 [INFO ] [Browser] - [startBrowser] Selected Browser is: chrome
2023-02-07 19:28:10 [INFO ] [Browser] - [startBrowser] Chrome Browser is Started317053574
2023-02-07 19:28:15 [INFO ] [Hooks] - [closeBrowser] Scenario Completed: Verify whether the User is able to login with valid credentials
2023-02-07 19:28:15 [INFO ] [Hooks] - [closeBrowser] Scenario Status is: PASSED
2023-02-07 19:30:47 [INFO ] [Hooks] - [setUp] Scenario Started: Verify whether the User is not able to login with invalid credentials
2023-02-07 19:30:47 [INFO ] [Browser] - [startBrowser] Selected Browser is: chrome
2023-02-07 19:30:49 [INFO ] [Browser] - [startBrowser] Chrome Browser is Started157783888
2023-02-07 19:30:55 [INFO ] [Hooks] - [closeBrowser] Scenario Completed: Verify whether the User is not able to login with invalid credentials
2023-02-07 19:30:55 [INFO ] [Hooks] - [closeBrowser] Scenario Status is: UNDEFINED
2023-02-07 19:35:17 [INFO ] [Hooks] - [setUp] Scenario Started: Verify whether the User is not able to login with invalid credentials
2023-02-07 19:35:17 [INFO ] [Browser] - [startBrowser] Selected Browser is: chrome
2023-02-07 19:35:19 [INFO ] [Browser] - [startBrowser] Chrome Browser is Started1505486986
2023-02-07 19:35:24 [INFO ] [Hooks] - [closeBrowser] Scenario Completed: Verify whether the User is not able to login with invalid credentials
2023-02-07 19:35:24 [INFO ] [Hooks] - [closeBrowser] Scenario Status is: FAILED
2023-02-07 19:36:30 [INFO ] [Hooks] - [setUp] Scenario Started: Verify whether the User is not able to login with invalid credentials
2023-02-07 19:36:30 [INFO ] [Browser] - [startBrowser] Selected Browser is: chrome
2023-02-07 19:36:32 [INFO ] [Browser] - [startBrowser] Chrome Browser is Started1505486986
2023-02-07 19:36:38 [INFO ] [Hooks] - [closeBrowser] Scenario Completed: Verify whether the User is not able to login with invalid credentials
2023-02-07 19:36:38 [INFO ] [Hooks] - [closeBrowser] Scenario Status is: PASSED
2023-02-07 19:40:49 [INFO ] [Hooks] - [setUp] Scenario Started: Verify whether the User is not able to login without providing credentials
2023-02-07 19:40:49 [INFO ] [Browser] - [startBrowser] Selected Browser is: chrome
2023-02-07 19:40:51 [INFO ] [Browser] - [startBrowser] Chrome Browser is Started260620222
2023-02-07 19:40:56 [INFO ] [Hooks] - [closeBrowser] Scenario Completed: Verify whether the User is not able to login without providing credentials
2023-02-07 19:40:56 [INFO ] [Hooks] - [closeBrowser] Scenario Status is: PASSED
2023-02-07 19:45:05 [INFO ] [Hooks] - [setUp] Scenario Started: Verify whether the User is able to reset the forgotten password
2023-02-07 19:45:05 [INFO ] [Browser] - [startBrowser] Selected Browser is: chrome
2023-02-07 19:45:07 [INFO ] [Browser] - [startBrowser] Chrome Browser is Started1756143301
2023-02-07 19:45:13 [INFO ] [Hooks] - [closeBrowser] Scenario Completed: Verify whether the User is able to reset the forgotten password
2023-02-07 19:45:13 [INFO ] [Hooks] - [closeBrowser] Scenario Status is: UNDEFINED
2023-02-07 19:55:55 [INFO ] [Hooks] - [setUp] Scenario Started: Verify whether the User is able to reset the forgotten password
2023-02-07 19:55:55 [INFO ] [Browser] - [startBrowser] Selected Browser is: chrome
2023-02-07 19:55:57 [INFO ] [Browser] - [startBrowser] Chrome Browser is Started411474203
2023-02-07 19:56:01 [INFO ] [Hooks] - [closeBrowser] Scenario Completed: Verify whether the User is able to reset the forgotten password
2023-02-07 19:56:01 [INFO ] [Hooks] - [closeBrowser] Scenario Status is: UNDEFINED
2023-02-07 19:58:55 [INFO ] [Hooks] - [setUp] Scenario Started: Verify whether the User is able to reset the forgotten password
2023-02-07 19:58:55 [INFO ] [Browser] - [startBrowser] Selected Browser is: chrome
2023-02-07 19:58:57 [INFO ] [Browser] - [startBrowser] Chrome Browser is Started1244211620
2023-02-07 19:59:02 [INFO ] [Hooks] - [closeBrowser] Scenario Completed: Verify whether the User is able to reset the forgotten password
2023-02-07 19:59:02 [INFO ] [Hooks] - [closeBrowser] Scenario Status is: FAILED
2023-02-07 20:01:01 [INFO ] [Hooks] - [setUp] Scenario Started: Verify whether the User is able to reset the forgotten password
2023-02-07 20:01:01 [INFO ] [Browser] - [startBrowser] Selected Browser is: chrome
2023-02-07 20:01:02 [INFO ] [Browser] - [startBrowser] Chrome Browser is Started1244211620
2023-02-07 20:01:38 [INFO ] [Hooks] - [closeBrowser] Scenario Completed: Verify whether the User is able to reset the forgotten password
2023-02-07 20:01:38 [INFO ] [Hooks] - [closeBrowser] Scenario Status is: FAILED
2023-02-07 20:03:40 [INFO ] [Hooks] - [setUp] Scenario Started: Verify whether the User is able to reset the forgotten password
2023-02-07 20:03:40 [INFO ] [Browser] - [startBrowser] Selected Browser is: chrome
2023-02-07 20:03:41 [INFO ] [Browser] - [startBrowser] Chrome Browser is Started1244211620
2023-02-07 20:03:49 [INFO ] [Hooks] - [closeBrowser] Scenario Completed: Verify whether the User is able to reset the forgotten password
2023-02-07 20:03:49 [INFO ] [Hooks] - [closeBrowser] Scenario Status is: PASSED
